#! /c/Source/iverilog-install/bin/vvp
:ivl_version "12.0 (devel)" "(s20150603-1539-g2693dd32b)";
:ivl_delay_selection "TYPICAL";
:vpi_time_precision + 0;
:vpi_module "P:\Clases\Arqui\iverilog\lib\ivl\system.vpi";
:vpi_module "P:\Clases\Arqui\iverilog\lib\ivl\vhdl_sys.vpi";
:vpi_module "P:\Clases\Arqui\iverilog\lib\ivl\vhdl_textio.vpi";
:vpi_module "P:\Clases\Arqui\iverilog\lib\ivl\v2005_math.vpi";
:vpi_module "P:\Clases\Arqui\iverilog\lib\ivl\va_math.vpi";
S_0000024e8eb72db0 .scope module, "tb" "tb" 2 1;
 .timescale 0 0;
    .scope S_0000024e8eb72db0;
T_0 ;
    %vpi_call 2 3 "$display", "Hello World" {0 0 0};
    %end;
    .thread T_0;
# The file index is used to find the file name in the following table.
:file_names 3;
    "N/A";
    "<interactive>";
    "VerilogPractice.v";
